<?xml version="1.0" encoding="UTF-8"?>
<testsuite name="pl.MateuszJ.SavingWorkoutsApp.SavingWorkoutsAppApplicationTests" tests="1" skipped="0" failures="0" errors="0" timestamp="2025-12-13T23:57:11.574Z" hostname="DESKTOP-SQCQCOO" time="0.187">
  <properties/>
  <testcase name="contextLoads()" classname="pl.MateuszJ.SavingWorkoutsApp.SavingWorkoutsAppApplicationTests" time="0.187"/>
  <system-out><![CDATA[00:57:09.433 [Test worker] INFO org.springframework.test.context.support.AnnotationConfigContextLoaderUtils -- Could not detect default configuration classes for test class [pl.MateuszJ.SavingWorkoutsApp.SavingWorkoutsAppApplicationTests]: SavingWorkoutsAppApplicationTests does not declare any static, non-private, non-final, nested classes annotated with @Configuration.
00:57:09.486 [Test worker] INFO org.springframework.boot.test.context.SpringBootTestContextBootstrapper -- Found @SpringBootConfiguration pl.MateuszJ.SavingWorkoutsApp.SavingWorkoutsAppApplication for test class pl.MateuszJ.SavingWorkoutsApp.SavingWorkoutsAppApplicationTests

  .   ____          _            __ _ _
 /\\ / ___'_ __ _ _(_)_ __  __ _ \ \ \ \
( ( )\___ | '_ | '_| | '_ \/ _` | \ \ \ \
 \\/  ___)| |_)| | | | | || (_| |  ) ) ) )
  '  |____| .__|_| |_|_| |_\__, | / / / /
 =========|_|==============|___/=/_/_/_/

 :: Spring Boot ::                (v4.0.0)

2025-12-14T00:57:09.677+01:00  INFO 420 --- [SavingWorkoutsApp] [    Test worker] p.M.S.SavingWorkoutsAppApplicationTests  : Starting SavingWorkoutsAppApplicationTests using Java 25.0.1 with PID 420 (started by Mateusz in D:\Projekty\Training-Recording-Project)
2025-12-14T00:57:09.677+01:00  INFO 420 --- [SavingWorkoutsApp] [    Test worker] p.M.S.SavingWorkoutsAppApplicationTests  : No active profile set, falling back to 1 default profile: "default"
2025-12-14T00:57:10.001+01:00  INFO 420 --- [SavingWorkoutsApp] [    Test worker] .s.d.r.c.RepositoryConfigurationDelegate : Bootstrapping Spring Data JPA repositories in DEFAULT mode.
2025-12-14T00:57:10.027+01:00  INFO 420 --- [SavingWorkoutsApp] [    Test worker] .s.d.r.c.RepositoryConfigurationDelegate : Finished Spring Data repository scanning in 21 ms. Found 1 JPA repository interface.
2025-12-14T00:57:10.241+01:00  INFO 420 --- [SavingWorkoutsApp] [    Test worker] o.hibernate.jpa.internal.util.LogHelper  : HHH000204: Processing PersistenceUnitInfo [name: default]
2025-12-14T00:57:10.269+01:00  INFO 420 --- [SavingWorkoutsApp] [    Test worker] org.hibernate.Version                    : HHH000412: Hibernate ORM core version 7.1.8.Final
2025-12-14T00:57:10.512+01:00  INFO 420 --- [SavingWorkoutsApp] [    Test worker] o.s.o.j.p.SpringPersistenceUnitInfo      : No LoadTimeWeaver setup: ignoring JPA class transformer
2025-12-14T00:57:10.528+01:00  INFO 420 --- [SavingWorkoutsApp] [    Test worker] com.zaxxer.hikari.HikariDataSource       : HikariPool-1 - Starting...
2025-12-14T00:57:10.610+01:00  INFO 420 --- [SavingWorkoutsApp] [    Test worker] com.zaxxer.hikari.pool.HikariPool        : HikariPool-1 - Added connection org.postgresql.jdbc.PgConnection@2a19c36b
2025-12-14T00:57:10.611+01:00  INFO 420 --- [SavingWorkoutsApp] [    Test worker] com.zaxxer.hikari.HikariDataSource       : HikariPool-1 - Start completed.
2025-12-14T00:57:10.644+01:00  INFO 420 --- [SavingWorkoutsApp] [    Test worker] org.hibernate.orm.connections.pooling    : HHH10001005: Database info:
	Database JDBC URL [jdbc:postgresql://localhost:5432/workout_tracker]
	Database driver: PostgreSQL JDBC Driver
	Database dialect: PostgreSQLDialect
	Database version: 15.15
	Default catalog/schema: workout_tracker/public
	Autocommit mode: undefined/unknown
	Isolation level: READ_COMMITTED [default READ_COMMITTED]
	JDBC fetch size: none
	Pool: DatasourceConnectionProviderImpl
	Minimum pool size: undefined/unknown
	Maximum pool size: undefined/unknown
2025-12-14T00:57:11.090+01:00  INFO 420 --- [SavingWorkoutsApp] [    Test worker] o.h.e.t.j.p.i.JtaPlatformInitiator       : HHH000489: No JTA platform available (set 'hibernate.transaction.jta.platform' to enable JTA platform integration)
2025-12-14T00:57:11.118+01:00  INFO 420 --- [SavingWorkoutsApp] [    Test worker] j.LocalContainerEntityManagerFactoryBean : Initialized JPA EntityManagerFactory for persistence unit 'default'
2025-12-14T00:57:11.160+01:00  INFO 420 --- [SavingWorkoutsApp] [    Test worker] o.s.d.j.r.query.QueryEnhancerFactories   : Hibernate is in classpath; If applicable, HQL parser will be used.
2025-12-14T00:57:11.262+01:00  INFO 420 --- [SavingWorkoutsApp] [    Test worker] eAuthenticationProviderManagerConfigurer : Global AuthenticationManager configured with AuthenticationProvider bean with name authenticationProvider
2025-12-14T00:57:11.262+01:00  WARN 420 --- [SavingWorkoutsApp] [    Test worker] r$InitializeUserDetailsManagerConfigurer : Global AuthenticationManager configured with an AuthenticationProvider bean. UserDetailsService beans will not be used by Spring Security for automatically configuring username/password login. Consider removing the AuthenticationProvider bean. Alternatively, consider using the UserDetailsService in a manually instantiated DaoAuthenticationProvider. If the current configuration is intentional, to turn off this warning, increase the logging level of 'org.springframework.security.config.annotation.authentication.configuration.InitializeUserDetailsBeanManagerConfigurer' to ERROR
2025-12-14T00:57:11.283+01:00  WARN 420 --- [SavingWorkoutsApp] [    Test worker] JpaBaseConfiguration$JpaWebConfiguration : spring.jpa.open-in-view is enabled by default. Therefore, database queries may be performed during view rendering. Explicitly configure spring.jpa.open-in-view to disable this warning
2025-12-14T00:57:11.566+01:00  INFO 420 --- [SavingWorkoutsApp] [    Test worker] p.M.S.SavingWorkoutsAppApplicationTests  : Started SavingWorkoutsAppApplicationTests in 2.005 seconds (process running for 2.647)
]]></system-out>
  <system-err><![CDATA[Mockito is currently self-attaching to enable the inline-mock-maker. This will no longer work in future releases of the JDK. Please add Mockito as an agent to your build as described in Mockito's documentation: https://javadoc.io/doc/org.mockito/mockito-core/latest/org.mockito/org/mockito/Mockito.html#0.3
WARNING: A Java agent has been loaded dynamically (C:\Users\Mateusz\.gradle\caches\modules-2\files-2.1\net.bytebuddy\byte-buddy-agent\1.17.8\f09415827a71be7ed621c7bd02550678f28bc81c\byte-buddy-agent-1.17.8.jar)
WARNING: If a serviceability tool is in use, please run with -XX:+EnableDynamicAgentLoading to hide this warning
WARNING: If a serviceability tool is not in use, please run with -Djdk.instrument.traceUsage for more information
WARNING: Dynamic loading of agents will be disallowed by default in a future release
]]></system-err>
</testsuite>
